c:\users\propietario\desktop\fghdgsf\gfx2\graficas2_1\x64\debug\graficas2_1.pch
c:\users\propietario\desktop\fghdgsf\gfx2\graficas2_1\x64\debug\vc141.pdb
c:\users\propietario\desktop\fghdgsf\gfx2\graficas2_1\x64\debug\vc141.idb
c:\users\propietario\desktop\fghdgsf\gfx2\graficas2_1\x64\debug\stdafx.obj
c:\users\propietario\desktop\fghdgsf\gfx2\graficas2_1\x64\debug\viewport.obj
c:\users\propietario\desktop\fghdgsf\gfx2\graficas2_1\x64\debug\vertextype.obj
c:\users\propietario\desktop\fghdgsf\gfx2\graficas2_1\x64\debug\texture.obj
c:\users\propietario\desktop\fghdgsf\gfx2\graficas2_1\x64\debug\shader.obj
c:\users\propietario\desktop\fghdgsf\gfx2\graficas2_1\x64\debug\sampler.obj
c:\users\propietario\desktop\fghdgsf\gfx2\graficas2_1\x64\debug\mesh.obj
c:\users\propietario\desktop\fghdgsf\gfx2\graficas2_1\x64\debug\inputlayout.obj
c:\users\propietario\desktop\fghdgsf\gfx2\graficas2_1\x64\debug\graphics_api.obj
c:\users\propietario\desktop\fghdgsf\gfx2\graficas2_1\x64\debug\graficas2_1.obj
c:\users\propietario\desktop\fghdgsf\gfx2\graficas2_1\x64\debug\devicecontext.obj
c:\users\propietario\desktop\fghdgsf\gfx2\graficas2_1\x64\debug\device.obj
c:\users\propietario\desktop\fghdgsf\gfx2\x64\debug\graficas2_1.ilk
c:\users\propietario\desktop\fghdgsf\gfx2\x64\debug\graficas2_1.exe
c:\users\propietario\desktop\fghdgsf\gfx2\x64\debug\graficas2_1.pdb
c:\users\propietario\desktop\fghdgsf\gfx2\graficas2_1\x64\debug\graficas2_1.res
c:\users\propietario\desktop\fghdgsf\gfx2\graficas2_1\x64\debug\graficas2_1.tlog\cl.command.1.tlog
c:\users\propietario\desktop\fghdgsf\gfx2\graficas2_1\x64\debug\graficas2_1.tlog\cl.read.1.tlog
c:\users\propietario\desktop\fghdgsf\gfx2\graficas2_1\x64\debug\graficas2_1.tlog\cl.write.1.tlog
c:\users\propietario\desktop\fghdgsf\gfx2\graficas2_1\x64\debug\graficas2_1.tlog\link.command.1.tlog
c:\users\propietario\desktop\fghdgsf\gfx2\graficas2_1\x64\debug\graficas2_1.tlog\link.read.1.tlog
c:\users\propietario\desktop\fghdgsf\gfx2\graficas2_1\x64\debug\graficas2_1.tlog\link.write.1.tlog
c:\users\propietario\desktop\fghdgsf\gfx2\graficas2_1\x64\debug\graficas2_1.tlog\rc.command.1.tlog
c:\users\propietario\desktop\fghdgsf\gfx2\graficas2_1\x64\debug\graficas2_1.tlog\rc.read.1.tlog
c:\users\propietario\desktop\fghdgsf\gfx2\graficas2_1\x64\debug\graficas2_1.tlog\rc.write.1.tlog
